0 info it worked if it ends with ok
1 verbose cli [ '/usr/local/bin/node',
1 verbose cli   '/usr/local/bin/npm',
1 verbose cli   'install',
1 verbose cli   'bcrypt',
1 verbose cli   '--save' ]
2 info using npm@3.7.1
3 info using node@v4.2.2
4 silly loadCurrentTree Starting
5 silly install loadCurrentTree
6 silly install readLocalPackageData
7 silly fetchPackageMetaData bcrypt
8 silly fetchNamedPackageData bcrypt
9 silly mapToRegistry name bcrypt
10 silly mapToRegistry using default registry
11 silly mapToRegistry registry https://registry.npmjs.org/
12 silly mapToRegistry uri https://registry.npmjs.org/bcrypt
13 verbose request uri https://registry.npmjs.org/bcrypt
14 verbose request no auth needed
15 info attempt registry request try #1 at 3:41:49 PM
16 verbose request id 6450a36363d79c9c
17 verbose etag "3BNGDESVOFORCETPD6WFW6IAX"
18 http request GET https://registry.npmjs.org/bcrypt
19 http 200 https://registry.npmjs.org/bcrypt
20 verbose headers { server: 'CouchDB/1.5.0 (Erlang OTP/R16B03)',
20 verbose headers   etag: '"1R6IPG6QUMP0IY6OSUM2DH2SH"',
20 verbose headers   'content-type': 'application/json',
20 verbose headers   'cache-control': 'max-age=300',
20 verbose headers   'content-length': '74657',
20 verbose headers   'accept-ranges': 'bytes',
20 verbose headers   date: 'Wed, 10 Feb 2016 14:41:49 GMT',
20 verbose headers   via: '1.1 varnish',
20 verbose headers   age: '249',
20 verbose headers   connection: 'keep-alive',
20 verbose headers   'x-served-by': 'cache-fra1223-FRA',
20 verbose headers   'x-cache': 'HIT',
20 verbose headers   'x-cache-hits': '2',
20 verbose headers   'x-timer': 'S1455115309.345966,VS0,VE0',
20 verbose headers   vary: 'Accept' }
21 silly get cb [ 200,
21 silly get   { server: 'CouchDB/1.5.0 (Erlang OTP/R16B03)',
21 silly get     etag: '"1R6IPG6QUMP0IY6OSUM2DH2SH"',
21 silly get     'content-type': 'application/json',
21 silly get     'cache-control': 'max-age=300',
21 silly get     'content-length': '74657',
21 silly get     'accept-ranges': 'bytes',
21 silly get     date: 'Wed, 10 Feb 2016 14:41:49 GMT',
21 silly get     via: '1.1 varnish',
21 silly get     age: '249',
21 silly get     connection: 'keep-alive',
21 silly get     'x-served-by': 'cache-fra1223-FRA',
21 silly get     'x-cache': 'HIT',
21 silly get     'x-cache-hits': '2',
21 silly get     'x-timer': 'S1455115309.345966,VS0,VE0',
21 silly get     vary: 'Accept' } ]
22 verbose get saving bcrypt to /Users/williamalexander/.npm/registry.npmjs.org/bcrypt/.cache.json
23 verbose correctMkdir /Users/williamalexander/.npm correctMkdir not in flight; initializing
24 silly install normalizeTree
25 silly loadCurrentTree Finishing
26 silly loadIdealTree Starting
27 silly install loadIdealTree
28 silly cloneCurrentTree Starting
29 silly install cloneCurrentTreeToIdealTree
30 silly cloneCurrentTree Finishing
31 silly loadShrinkwrap Starting
32 silly install loadShrinkwrap
33 silly loadShrinkwrap Finishing
34 silly loadAllDepsIntoIdealTree Starting
35 silly install loadAllDepsIntoIdealTree
36 silly resolveWithNewModule bcrypt@0.8.5 checking installable status
37 silly cache add args [ 'bcrypt', null ]
38 verbose cache add spec bcrypt
39 silly cache add parsed spec Result {
39 silly cache add   raw: 'bcrypt',
39 silly cache add   scope: null,
39 silly cache add   name: 'bcrypt',
39 silly cache add   rawSpec: '',
39 silly cache add   spec: 'latest',
39 silly cache add   type: 'tag' }
40 silly addNamed bcrypt@latest
41 verbose addNamed "latest" is being treated as a dist-tag for bcrypt
42 info addNameTag [ 'bcrypt', 'latest' ]
43 silly mapToRegistry name bcrypt
44 silly mapToRegistry using default registry
45 silly mapToRegistry registry https://registry.npmjs.org/
46 silly mapToRegistry uri https://registry.npmjs.org/bcrypt
47 verbose addNameTag registry:https://registry.npmjs.org/bcrypt not in flight; fetching
48 verbose get https://registry.npmjs.org/bcrypt not expired, no request
49 silly addNameTag next cb for bcrypt with tag latest
50 silly addNamed bcrypt@0.8.5
51 verbose addNamed "0.8.5" is a plain semver version for bcrypt
52 silly cache afterAdd bcrypt@0.8.5
53 verbose afterAdd /Users/williamalexander/.npm/bcrypt/0.8.5/package/package.json not in flight; writing
54 verbose correctMkdir /Users/williamalexander/.npm correctMkdir not in flight; initializing
55 verbose afterAdd /Users/williamalexander/.npm/bcrypt/0.8.5/package/package.json written
56 silly fetchNamedPackageData bindings
57 silly mapToRegistry name bindings
58 silly mapToRegistry using default registry
59 silly mapToRegistry registry https://registry.npmjs.org/
60 silly mapToRegistry uri https://registry.npmjs.org/bindings
61 silly fetchNamedPackageData nan
62 silly mapToRegistry name nan
63 silly mapToRegistry using default registry
64 silly mapToRegistry registry https://registry.npmjs.org/
65 silly mapToRegistry uri https://registry.npmjs.org/nan
66 verbose request uri https://registry.npmjs.org/bindings
67 verbose request no auth needed
68 info attempt registry request try #1 at 3:41:49 PM
69 verbose etag "1LLBF9OH58DLBEL4629U6032D"
70 http request GET https://registry.npmjs.org/bindings
71 verbose request uri https://registry.npmjs.org/nan
72 verbose request no auth needed
73 info attempt registry request try #1 at 3:41:49 PM
74 verbose etag "7Y2U1A5TWU1O0YTKGMD4FB8ZN"
75 http request GET https://registry.npmjs.org/nan
76 http 304 https://registry.npmjs.org/bindings
77 verbose headers { date: 'Wed, 10 Feb 2016 14:41:50 GMT',
77 verbose headers   via: '1.1 varnish',
77 verbose headers   'cache-control': 'max-age=300',
77 verbose headers   etag: '"1LLBF9OH58DLBEL4629U6032D"',
77 verbose headers   age: '102',
77 verbose headers   connection: 'keep-alive',
77 verbose headers   'x-served-by': 'cache-fra1249-FRA',
77 verbose headers   'x-cache': 'HIT',
77 verbose headers   'x-cache-hits': '5',
77 verbose headers   'x-timer': 'S1455115310.236813,VS0,VE0',
77 verbose headers   vary: 'Accept' }
78 silly get cb [ 304,
78 silly get   { date: 'Wed, 10 Feb 2016 14:41:50 GMT',
78 silly get     via: '1.1 varnish',
78 silly get     'cache-control': 'max-age=300',
78 silly get     etag: '"1LLBF9OH58DLBEL4629U6032D"',
78 silly get     age: '102',
78 silly get     connection: 'keep-alive',
78 silly get     'x-served-by': 'cache-fra1249-FRA',
78 silly get     'x-cache': 'HIT',
78 silly get     'x-cache-hits': '5',
78 silly get     'x-timer': 'S1455115310.236813,VS0,VE0',
78 silly get     vary: 'Accept' } ]
79 verbose etag https://registry.npmjs.org/bindings from cache
80 verbose get saving bindings to /Users/williamalexander/.npm/registry.npmjs.org/bindings/.cache.json
81 verbose correctMkdir /Users/williamalexander/.npm correctMkdir not in flight; initializing
82 silly resolveWithNewModule bindings@1.2.1 checking installable status
83 silly cache add args [ 'bindings@1.2.1', null ]
84 verbose cache add spec bindings@1.2.1
85 silly cache add parsed spec Result {
85 silly cache add   raw: 'bindings@1.2.1',
85 silly cache add   scope: null,
85 silly cache add   name: 'bindings',
85 silly cache add   rawSpec: '1.2.1',
85 silly cache add   spec: '1.2.1',
85 silly cache add   type: 'version' }
86 silly addNamed bindings@1.2.1
87 verbose addNamed "1.2.1" is a plain semver version for bindings
88 silly mapToRegistry name bindings
89 silly mapToRegistry using default registry
90 silly mapToRegistry registry https://registry.npmjs.org/
91 silly mapToRegistry uri https://registry.npmjs.org/bindings
92 verbose addNameVersion registry:https://registry.npmjs.org/bindings not in flight; fetching
93 verbose get https://registry.npmjs.org/bindings not expired, no request
94 silly cache afterAdd bindings@1.2.1
95 verbose afterAdd /Users/williamalexander/.npm/bindings/1.2.1/package/package.json not in flight; writing
96 verbose correctMkdir /Users/williamalexander/.npm correctMkdir not in flight; initializing
97 verbose afterAdd /Users/williamalexander/.npm/bindings/1.2.1/package/package.json written
98 http 304 https://registry.npmjs.org/nan
99 verbose headers { date: 'Wed, 10 Feb 2016 14:41:50 GMT',
99 verbose headers   via: '1.1 varnish',
99 verbose headers   'cache-control': 'max-age=300',
99 verbose headers   etag: '"7Y2U1A5TWU1O0YTKGMD4FB8ZN"',
99 verbose headers   age: '249',
99 verbose headers   connection: 'keep-alive',
99 verbose headers   'x-served-by': 'cache-fra1225-FRA',
99 verbose headers   'x-cache': 'HIT',
99 verbose headers   'x-cache-hits': '19',
99 verbose headers   'x-timer': 'S1455115310.916259,VS0,VE0',
99 verbose headers   vary: 'Accept' }
100 silly get cb [ 304,
100 silly get   { date: 'Wed, 10 Feb 2016 14:41:50 GMT',
100 silly get     via: '1.1 varnish',
100 silly get     'cache-control': 'max-age=300',
100 silly get     etag: '"7Y2U1A5TWU1O0YTKGMD4FB8ZN"',
100 silly get     age: '249',
100 silly get     connection: 'keep-alive',
100 silly get     'x-served-by': 'cache-fra1225-FRA',
100 silly get     'x-cache': 'HIT',
100 silly get     'x-cache-hits': '19',
100 silly get     'x-timer': 'S1455115310.916259,VS0,VE0',
100 silly get     vary: 'Accept' } ]
101 verbose etag https://registry.npmjs.org/nan from cache
102 verbose get saving nan to /Users/williamalexander/.npm/registry.npmjs.org/nan/.cache.json
103 verbose correctMkdir /Users/williamalexander/.npm correctMkdir not in flight; initializing
104 silly resolveWithNewModule nan@2.0.5 checking installable status
105 silly cache add args [ 'nan@2.0.5', null ]
106 verbose cache add spec nan@2.0.5
107 silly cache add parsed spec Result {
107 silly cache add   raw: 'nan@2.0.5',
107 silly cache add   scope: null,
107 silly cache add   name: 'nan',
107 silly cache add   rawSpec: '2.0.5',
107 silly cache add   spec: '2.0.5',
107 silly cache add   type: 'version' }
108 silly addNamed nan@2.0.5
109 verbose addNamed "2.0.5" is a plain semver version for nan
110 silly mapToRegistry name nan
111 silly mapToRegistry using default registry
112 silly mapToRegistry registry https://registry.npmjs.org/
113 silly mapToRegistry uri https://registry.npmjs.org/nan
114 verbose addNameVersion registry:https://registry.npmjs.org/nan not in flight; fetching
115 verbose get https://registry.npmjs.org/nan not expired, no request
116 silly cache afterAdd nan@2.0.5
117 verbose afterAdd /Users/williamalexander/.npm/nan/2.0.5/package/package.json not in flight; writing
118 verbose correctMkdir /Users/williamalexander/.npm correctMkdir not in flight; initializing
119 verbose afterAdd /Users/williamalexander/.npm/nan/2.0.5/package/package.json written
120 silly loadAllDepsIntoIdealTree Finishing
121 silly idealTree:prePrune myapp@0.0.0
121 silly idealTree:prePrune ├── base64-url@1.2.1
121 silly idealTree:prePrune ├── base64url@1.0.5
121 silly idealTree:prePrune ├── bcrypt@0.8.5
121 silly idealTree:prePrune ├── bindings@1.2.1
121 silly idealTree:prePrune ├─┬ body-parser@1.13.3
121 silly idealTree:prePrune │ ├── bytes@2.1.0
121 silly idealTree:prePrune │ ├── content-type@1.0.1
121 silly idealTree:prePrune │ ├── depd@1.0.1
121 silly idealTree:prePrune │ ├─┬ http-errors@1.3.1
121 silly idealTree:prePrune │ │ ├── inherits@2.0.1
121 silly idealTree:prePrune │ │ └── statuses@1.2.1
121 silly idealTree:prePrune │ ├── iconv-lite@0.4.11
121 silly idealTree:prePrune │ ├─┬ on-finished@2.3.0
121 silly idealTree:prePrune │ │ └── ee-first@1.1.1
121 silly idealTree:prePrune │ ├── qs@4.0.0
121 silly idealTree:prePrune │ ├─┬ raw-body@2.1.5
121 silly idealTree:prePrune │ │ ├── bytes@2.2.0
121 silly idealTree:prePrune │ │ ├── iconv-lite@0.4.13
121 silly idealTree:prePrune │ │ └── unpipe@1.0.0
121 silly idealTree:prePrune │ └─┬ type-is@1.6.11
121 silly idealTree:prePrune │   ├── media-typer@0.3.0
121 silly idealTree:prePrune │   └─┬ mime-types@2.1.9
121 silly idealTree:prePrune │     └── mime-db@1.21.0
121 silly idealTree:prePrune ├── buffer-equal-constant-time@1.0.1
121 silly idealTree:prePrune ├── camelcase-keys@1.0.0
121 silly idealTree:prePrune ├── camelcase@1.2.1
121 silly idealTree:prePrune ├── concat-stream@1.4.10
121 silly idealTree:prePrune ├─┬ cookie-parser@1.3.5
121 silly idealTree:prePrune │ ├── cookie-signature@1.0.6
121 silly idealTree:prePrune │ └── cookie@0.1.3
121 silly idealTree:prePrune ├── core-util-is@1.0.2
121 silly idealTree:prePrune ├── crypto@0.0.3
121 silly idealTree:prePrune ├─┬ debug@2.2.0
121 silly idealTree:prePrune │ └── ms@0.7.1
121 silly idealTree:prePrune ├── ecdsa-sig-formatter@1.0.5
121 silly idealTree:prePrune ├─┬ express@4.13.4
121 silly idealTree:prePrune │ ├─┬ accepts@1.2.13
121 silly idealTree:prePrune │ │ ├─┬ mime-types@2.1.9
121 silly idealTree:prePrune │ │ │ └── mime-db@1.21.0
121 silly idealTree:prePrune │ │ └── negotiator@0.5.3
121 silly idealTree:prePrune │ ├── array-flatten@1.1.1
121 silly idealTree:prePrune │ ├── content-disposition@0.5.1
121 silly idealTree:prePrune │ ├── content-type@1.0.1
121 silly idealTree:prePrune │ ├── cookie-signature@1.0.6
121 silly idealTree:prePrune │ ├── cookie@0.1.5
121 silly idealTree:prePrune │ ├── depd@1.1.0
121 silly idealTree:prePrune │ ├── escape-html@1.0.3
121 silly idealTree:prePrune │ ├── etag@1.7.0
121 silly idealTree:prePrune │ ├─┬ finalhandler@0.4.1
121 silly idealTree:prePrune │ │ └── unpipe@1.0.0
121 silly idealTree:prePrune │ ├── fresh@0.3.0
121 silly idealTree:prePrune │ ├── merge-descriptors@1.0.1
121 silly idealTree:prePrune │ ├── methods@1.1.2
121 silly idealTree:prePrune │ ├─┬ on-finished@2.3.0
121 silly idealTree:prePrune │ │ └── ee-first@1.1.1
121 silly idealTree:prePrune │ ├── parseurl@1.3.1
121 silly idealTree:prePrune │ ├── path-to-regexp@0.1.7
121 silly idealTree:prePrune │ ├─┬ proxy-addr@1.0.10
121 silly idealTree:prePrune │ │ ├── forwarded@0.1.0
121 silly idealTree:prePrune │ │ └── ipaddr.js@1.0.5
121 silly idealTree:prePrune │ ├── qs@4.0.0
121 silly idealTree:prePrune │ ├── range-parser@1.0.3
121 silly idealTree:prePrune │ ├─┬ send@0.13.1
121 silly idealTree:prePrune │ │ ├── destroy@1.0.4
121 silly idealTree:prePrune │ │ ├─┬ http-errors@1.3.1
121 silly idealTree:prePrune │ │ │ └── inherits@2.0.1
121 silly idealTree:prePrune │ │ ├── mime@1.3.4
121 silly idealTree:prePrune │ │ ├── ms@0.7.1
121 silly idealTree:prePrune │ │ └── statuses@1.2.1
121 silly idealTree:prePrune │ ├── serve-static@1.10.2
121 silly idealTree:prePrune │ ├─┬ type-is@1.6.11
121 silly idealTree:prePrune │ │ ├── media-typer@0.3.0
121 silly idealTree:prePrune │ │ └─┬ mime-types@2.1.9
121 silly idealTree:prePrune │ │   └── mime-db@1.21.0
121 silly idealTree:prePrune │ ├── utils-merge@1.0.0
121 silly idealTree:prePrune │ └── vary@1.0.1
121 silly idealTree:prePrune ├── get-stdin@4.0.1
121 silly idealTree:prePrune ├── indent-string@1.2.2
121 silly idealTree:prePrune ├── inherits@2.0.1
121 silly idealTree:prePrune ├── is-finite@1.0.1
121 silly idealTree:prePrune ├── isarray@0.0.1
121 silly idealTree:prePrune ├─┬ jade@1.11.0
121 silly idealTree:prePrune │ ├── character-parser@1.2.1
121 silly idealTree:prePrune │ ├─┬ clean-css@3.4.9
121 silly idealTree:prePrune │ │ ├─┬ commander@2.8.1
121 silly idealTree:prePrune │ │ │ └── graceful-readlink@1.0.1
121 silly idealTree:prePrune │ │ └─┬ source-map@0.4.4
121 silly idealTree:prePrune │ │   └── amdefine@1.0.0
121 silly idealTree:prePrune │ ├── commander@2.6.0
121 silly idealTree:prePrune │ ├─┬ constantinople@3.0.2
121 silly idealTree:prePrune │ │ └── acorn@2.7.0
121 silly idealTree:prePrune │ ├─┬ jstransformer@0.0.2
121 silly idealTree:prePrune │ │ ├── is-promise@2.1.0
121 silly idealTree:prePrune │ │ └─┬ promise@6.1.0
121 silly idealTree:prePrune │ │   └── asap@1.0.0
121 silly idealTree:prePrune │ ├─┬ mkdirp@0.5.1
121 silly idealTree:prePrune │ │ └── minimist@0.0.8
121 silly idealTree:prePrune │ ├─┬ transformers@2.1.0
121 silly idealTree:prePrune │ │ ├─┬ css@1.0.8
121 silly idealTree:prePrune │ │ │ ├── css-parse@1.0.4
121 silly idealTree:prePrune │ │ │ └── css-stringify@1.0.5
121 silly idealTree:prePrune │ │ ├─┬ promise@2.0.0
121 silly idealTree:prePrune │ │ │ └── is-promise@1.0.1
121 silly idealTree:prePrune │ │ └─┬ uglify-js@2.2.5
121 silly idealTree:prePrune │ │   ├─┬ optimist@0.3.7
121 silly idealTree:prePrune │ │   │ └── wordwrap@0.0.3
121 silly idealTree:prePrune │ │   └─┬ source-map@0.1.43
121 silly idealTree:prePrune │ │     └── amdefine@1.0.0
121 silly idealTree:prePrune │ ├─┬ uglify-js@2.6.1
121 silly idealTree:prePrune │ │ ├── async@0.2.10
121 silly idealTree:prePrune │ │ ├── source-map@0.5.3
121 silly idealTree:prePrune │ │ ├── uglify-to-browserify@1.0.2
121 silly idealTree:prePrune │ │ └─┬ yargs@3.10.0
121 silly idealTree:prePrune │ │   ├── camelcase@1.2.1
121 silly idealTree:prePrune │ │   ├─┬ cliui@2.1.0
121 silly idealTree:prePrune │ │   │ ├─┬ center-align@0.1.3
121 silly idealTree:prePrune │ │   │ │ ├─┬ align-text@0.1.4
121 silly idealTree:prePrune │ │   │ │ │ ├─┬ kind-of@3.0.2
121 silly idealTree:prePrune │ │   │ │ │ │ └── is-buffer@1.1.2
121 silly idealTree:prePrune │ │   │ │ │ ├── longest@1.0.1
121 silly idealTree:prePrune │ │   │ │ │ └── repeat-string@1.5.2
121 silly idealTree:prePrune │ │   │ │ └── lazy-cache@1.0.3
121 silly idealTree:prePrune │ │   │ ├─┬ right-align@0.1.3
121 silly idealTree:prePrune │ │   │ │ └─┬ align-text@0.1.4
121 silly idealTree:prePrune │ │   │ │   ├─┬ kind-of@3.0.2
121 silly idealTree:prePrune │ │   │ │   │ └── is-buffer@1.1.2
121 silly idealTree:prePrune │ │   │ │   ├── longest@1.0.1
121 silly idealTree:prePrune │ │   │ │   └── repeat-string@1.5.2
121 silly idealTree:prePrune │ │   │ └── wordwrap@0.0.2
121 silly idealTree:prePrune │ │   ├─┬ decamelize@1.1.2
121 silly idealTree:prePrune │ │   │ └── escape-string-regexp@1.0.4
121 silly idealTree:prePrune │ │   └── window-size@0.1.0
121 silly idealTree:prePrune │ ├── void-elements@2.0.1
121 silly idealTree:prePrune │ └─┬ with@4.0.3
121 silly idealTree:prePrune │   ├─┬ acorn-globals@1.0.9
121 silly idealTree:prePrune │   │ └── acorn@2.7.0
121 silly idealTree:prePrune │   └── acorn@1.2.2
121 silly idealTree:prePrune ├── jsonwebtoken@5.5.4
121 silly idealTree:prePrune ├─┬ jwa@1.1.1
121 silly idealTree:prePrune │ └── base64url@0.0.6
121 silly idealTree:prePrune ├── jws@3.1.1
121 silly idealTree:prePrune ├── map-obj@1.0.1
121 silly idealTree:prePrune ├── meow@2.0.0
121 silly idealTree:prePrune ├─┬ method-override@2.3.5
121 silly idealTree:prePrune │ ├── methods@1.1.2
121 silly idealTree:prePrune │ ├── parseurl@1.3.1
121 silly idealTree:prePrune │ └── vary@1.0.1
121 silly idealTree:prePrune ├── minimist@1.2.0
121 silly idealTree:prePrune ├─┬ mongoose@4.4.0
121 silly idealTree:prePrune │ ├── async@1.5.2
121 silly idealTree:prePrune │ ├── bson@0.4.21
121 silly idealTree:prePrune │ ├── hooks-fixed@1.1.0
121 silly idealTree:prePrune │ ├── kareem@1.0.1
121 silly idealTree:prePrune │ ├─┬ mongodb@2.1.4
121 silly idealTree:prePrune │ │ ├── es6-promise@3.0.2
121 silly idealTree:prePrune │ │ ├── mongodb-core@1.2.32
121 silly idealTree:prePrune │ │ └─┬ readable-stream@1.0.31
121 silly idealTree:prePrune │ │   ├── core-util-is@1.0.2
121 silly idealTree:prePrune │ │   ├── inherits@2.0.1
121 silly idealTree:prePrune │ │   ├── isarray@0.0.1
121 silly idealTree:prePrune │ │   └── string_decoder@0.10.31
121 silly idealTree:prePrune │ ├── mpath@0.2.1
121 silly idealTree:prePrune │ ├── mpromise@0.5.5
121 silly idealTree:prePrune │ ├─┬ mquery@1.6.3
121 silly idealTree:prePrune │ │ ├── bluebird@2.9.26
121 silly idealTree:prePrune │ │ └── sliced@0.0.5
121 silly idealTree:prePrune │ ├── ms@0.7.1
121 silly idealTree:prePrune │ ├── muri@1.1.0
121 silly idealTree:prePrune │ ├── regexp-clone@0.0.1
121 silly idealTree:prePrune │ └── sliced@1.0.1
121 silly idealTree:prePrune ├─┬ morgan@1.6.1
121 silly idealTree:prePrune │ ├── basic-auth@1.0.3
121 silly idealTree:prePrune │ ├── depd@1.0.1
121 silly idealTree:prePrune │ ├─┬ on-finished@2.3.0
121 silly idealTree:prePrune │ │ └── ee-first@1.1.1
121 silly idealTree:prePrune │ └── on-headers@1.0.1
121 silly idealTree:prePrune ├── ms@0.7.1
121 silly idealTree:prePrune ├── nan@2.0.5
121 silly idealTree:prePrune ├── number-is-nan@1.0.0
121 silly idealTree:prePrune ├── object-assign@1.0.0
121 silly idealTree:prePrune ├── readable-stream@1.1.13
121 silly idealTree:prePrune ├── repeating@1.1.3
121 silly idealTree:prePrune ├─┬ serve-favicon@2.3.0
121 silly idealTree:prePrune │ ├── etag@1.7.0
121 silly idealTree:prePrune │ ├── fresh@0.3.0
121 silly idealTree:prePrune │ ├── ms@0.7.1
121 silly idealTree:prePrune │ └── parseurl@1.3.1
121 silly idealTree:prePrune ├── string_decoder@0.10.31
121 silly idealTree:prePrune ├── typedarray@0.0.6
121 silly idealTree:prePrune └── xtend@4.0.1
122 silly loadIdealTree Finishing
123 silly currentTree myapp@0.0.0
123 silly currentTree ├── base64-url@1.2.1
123 silly currentTree ├── base64url@1.0.5
123 silly currentTree ├─┬ body-parser@1.13.3
123 silly currentTree │ ├── bytes@2.1.0
123 silly currentTree │ ├── content-type@1.0.1
123 silly currentTree │ ├── depd@1.0.1
123 silly currentTree │ ├─┬ http-errors@1.3.1
123 silly currentTree │ │ ├── inherits@2.0.1
123 silly currentTree │ │ └── statuses@1.2.1
123 silly currentTree │ ├── iconv-lite@0.4.11
123 silly currentTree │ ├─┬ on-finished@2.3.0
123 silly currentTree │ │ └── ee-first@1.1.1
123 silly currentTree │ ├── qs@4.0.0
123 silly currentTree │ ├─┬ raw-body@2.1.5
123 silly currentTree │ │ ├── bytes@2.2.0
123 silly currentTree │ │ ├── iconv-lite@0.4.13
123 silly currentTree │ │ └── unpipe@1.0.0
123 silly currentTree │ └─┬ type-is@1.6.11
123 silly currentTree │   ├── media-typer@0.3.0
123 silly currentTree │   └─┬ mime-types@2.1.9
123 silly currentTree │     └── mime-db@1.21.0
123 silly currentTree ├── buffer-equal-constant-time@1.0.1
123 silly currentTree ├── camelcase-keys@1.0.0
123 silly currentTree ├── camelcase@1.2.1
123 silly currentTree ├── concat-stream@1.4.10
123 silly currentTree ├─┬ cookie-parser@1.3.5
123 silly currentTree │ ├── cookie-signature@1.0.6
123 silly currentTree │ └── cookie@0.1.3
123 silly currentTree ├── core-util-is@1.0.2
123 silly currentTree ├── crypto@0.0.3
123 silly currentTree ├─┬ debug@2.2.0
123 silly currentTree │ └── ms@0.7.1
123 silly currentTree ├── ecdsa-sig-formatter@1.0.5
123 silly currentTree ├─┬ express@4.13.4
123 silly currentTree │ ├─┬ accepts@1.2.13
123 silly currentTree │ │ ├─┬ mime-types@2.1.9
123 silly currentTree │ │ │ └── mime-db@1.21.0
123 silly currentTree │ │ └── negotiator@0.5.3
123 silly currentTree │ ├── array-flatten@1.1.1
123 silly currentTree │ ├── content-disposition@0.5.1
123 silly currentTree │ ├── content-type@1.0.1
123 silly currentTree │ ├── cookie-signature@1.0.6
123 silly currentTree │ ├── cookie@0.1.5
123 silly currentTree │ ├── depd@1.1.0
123 silly currentTree │ ├── escape-html@1.0.3
123 silly currentTree │ ├── etag@1.7.0
123 silly currentTree │ ├─┬ finalhandler@0.4.1
123 silly currentTree │ │ └── unpipe@1.0.0
123 silly currentTree │ ├── fresh@0.3.0
123 silly currentTree │ ├── merge-descriptors@1.0.1
123 silly currentTree │ ├── methods@1.1.2
123 silly currentTree │ ├─┬ on-finished@2.3.0
123 silly currentTree │ │ └── ee-first@1.1.1
123 silly currentTree │ ├── parseurl@1.3.1
123 silly currentTree │ ├── path-to-regexp@0.1.7
123 silly currentTree │ ├─┬ proxy-addr@1.0.10
123 silly currentTree │ │ ├── forwarded@0.1.0
123 silly currentTree │ │ └── ipaddr.js@1.0.5
123 silly currentTree │ ├── qs@4.0.0
123 silly currentTree │ ├── range-parser@1.0.3
123 silly currentTree │ ├─┬ send@0.13.1
123 silly currentTree │ │ ├── destroy@1.0.4
123 silly currentTree │ │ ├─┬ http-errors@1.3.1
123 silly currentTree │ │ │ └── inherits@2.0.1
123 silly currentTree │ │ ├── mime@1.3.4
123 silly currentTree │ │ ├── ms@0.7.1
123 silly currentTree │ │ └── statuses@1.2.1
123 silly currentTree │ ├── serve-static@1.10.2
123 silly currentTree │ ├─┬ type-is@1.6.11
123 silly currentTree │ │ ├── media-typer@0.3.0
123 silly currentTree │ │ └─┬ mime-types@2.1.9
123 silly currentTree │ │   └── mime-db@1.21.0
123 silly currentTree │ ├── utils-merge@1.0.0
123 silly currentTree │ └── vary@1.0.1
123 silly currentTree ├── get-stdin@4.0.1
123 silly currentTree ├── indent-string@1.2.2
123 silly currentTree ├── inherits@2.0.1
123 silly currentTree ├── is-finite@1.0.1
123 silly currentTree ├── isarray@0.0.1
123 silly currentTree ├─┬ jade@1.11.0
123 silly currentTree │ ├── character-parser@1.2.1
123 silly currentTree │ ├─┬ clean-css@3.4.9
123 silly currentTree │ │ ├─┬ commander@2.8.1
123 silly currentTree │ │ │ └── graceful-readlink@1.0.1
123 silly currentTree │ │ └─┬ source-map@0.4.4
123 silly currentTree │ │   └── amdefine@1.0.0
123 silly currentTree │ ├── commander@2.6.0
123 silly currentTree │ ├─┬ constantinople@3.0.2
123 silly currentTree │ │ └── acorn@2.7.0
123 silly currentTree │ ├─┬ jstransformer@0.0.2
123 silly currentTree │ │ ├── is-promise@2.1.0
123 silly currentTree │ │ └─┬ promise@6.1.0
123 silly currentTree │ │   └── asap@1.0.0
123 silly currentTree │ ├─┬ mkdirp@0.5.1
123 silly currentTree │ │ └── minimist@0.0.8
123 silly currentTree │ ├─┬ transformers@2.1.0
123 silly currentTree │ │ ├─┬ css@1.0.8
123 silly currentTree │ │ │ ├── css-parse@1.0.4
123 silly currentTree │ │ │ └── css-stringify@1.0.5
123 silly currentTree │ │ ├─┬ promise@2.0.0
123 silly currentTree │ │ │ └── is-promise@1.0.1
123 silly currentTree │ │ └─┬ uglify-js@2.2.5
123 silly currentTree │ │   ├─┬ optimist@0.3.7
123 silly currentTree │ │   │ └── wordwrap@0.0.3
123 silly currentTree │ │   └─┬ source-map@0.1.43
123 silly currentTree │ │     └── amdefine@1.0.0
123 silly currentTree │ ├─┬ uglify-js@2.6.1
123 silly currentTree │ │ ├── async@0.2.10
123 silly currentTree │ │ ├── source-map@0.5.3
123 silly currentTree │ │ ├── uglify-to-browserify@1.0.2
123 silly currentTree │ │ └─┬ yargs@3.10.0
123 silly currentTree │ │   ├── camelcase@1.2.1
123 silly currentTree │ │   ├─┬ cliui@2.1.0
123 silly currentTree │ │   │ ├─┬ center-align@0.1.3
123 silly currentTree │ │   │ │ ├─┬ align-text@0.1.4
123 silly currentTree │ │   │ │ │ ├─┬ kind-of@3.0.2
123 silly currentTree │ │   │ │ │ │ └── is-buffer@1.1.2
123 silly currentTree │ │   │ │ │ ├── longest@1.0.1
123 silly currentTree │ │   │ │ │ └── repeat-string@1.5.2
123 silly currentTree │ │   │ │ └── lazy-cache@1.0.3
123 silly currentTree │ │   │ ├─┬ right-align@0.1.3
123 silly currentTree │ │   │ │ └─┬ align-text@0.1.4
123 silly currentTree │ │   │ │   ├─┬ kind-of@3.0.2
123 silly currentTree │ │   │ │   │ └── is-buffer@1.1.2
123 silly currentTree │ │   │ │   ├── longest@1.0.1
123 silly currentTree │ │   │ │   └── repeat-string@1.5.2
123 silly currentTree │ │   │ └── wordwrap@0.0.2
123 silly currentTree │ │   ├─┬ decamelize@1.1.2
123 silly currentTree │ │   │ └── escape-string-regexp@1.0.4
123 silly currentTree │ │   └── window-size@0.1.0
123 silly currentTree │ ├── void-elements@2.0.1
123 silly currentTree │ └─┬ with@4.0.3
123 silly currentTree │   ├─┬ acorn-globals@1.0.9
123 silly currentTree │   │ └── acorn@2.7.0
123 silly currentTree │   └── acorn@1.2.2
123 silly currentTree ├── jsonwebtoken@5.5.4
123 silly currentTree ├─┬ jwa@1.1.1
123 silly currentTree │ └── base64url@0.0.6
123 silly currentTree ├── jws@3.1.1
123 silly currentTree ├── map-obj@1.0.1
123 silly currentTree ├── meow@2.0.0
123 silly currentTree ├─┬ method-override@2.3.5
123 silly currentTree │ ├── methods@1.1.2
123 silly currentTree │ ├── parseurl@1.3.1
123 silly currentTree │ └── vary@1.0.1
123 silly currentTree ├── minimist@1.2.0
123 silly currentTree ├─┬ mongoose@4.4.0
123 silly currentTree │ ├── async@1.5.2
123 silly currentTree │ ├── bson@0.4.21
123 silly currentTree │ ├── hooks-fixed@1.1.0
123 silly currentTree │ ├── kareem@1.0.1
123 silly currentTree │ ├─┬ mongodb@2.1.4
123 silly currentTree │ │ ├── es6-promise@3.0.2
123 silly currentTree │ │ ├── mongodb-core@1.2.32
123 silly currentTree │ │ └─┬ readable-stream@1.0.31
123 silly currentTree │ │   ├── core-util-is@1.0.2
123 silly currentTree │ │   ├── inherits@2.0.1
123 silly currentTree │ │   ├── isarray@0.0.1
123 silly currentTree │ │   └── string_decoder@0.10.31
123 silly currentTree │ ├── mpath@0.2.1
123 silly currentTree │ ├── mpromise@0.5.5
123 silly currentTree │ ├─┬ mquery@1.6.3
123 silly currentTree │ │ ├── bluebird@2.9.26
123 silly currentTree │ │ └── sliced@0.0.5
123 silly currentTree │ ├── ms@0.7.1
123 silly currentTree │ ├── muri@1.1.0
123 silly currentTree │ ├── regexp-clone@0.0.1
123 silly currentTree │ └── sliced@1.0.1
123 silly currentTree ├─┬ morgan@1.6.1
123 silly currentTree │ ├── basic-auth@1.0.3
123 silly currentTree │ ├── depd@1.0.1
123 silly currentTree │ ├─┬ on-finished@2.3.0
123 silly currentTree │ │ └── ee-first@1.1.1
123 silly currentTree │ └── on-headers@1.0.1
123 silly currentTree ├── ms@0.7.1
123 silly currentTree ├── number-is-nan@1.0.0
123 silly currentTree ├── object-assign@1.0.0
123 silly currentTree ├── readable-stream@1.1.13
123 silly currentTree ├── repeating@1.1.3
123 silly currentTree ├─┬ serve-favicon@2.3.0
123 silly currentTree │ ├── etag@1.7.0
123 silly currentTree │ ├── fresh@0.3.0
123 silly currentTree │ ├── ms@0.7.1
123 silly currentTree │ └── parseurl@1.3.1
123 silly currentTree ├── string_decoder@0.10.31
123 silly currentTree ├── typedarray@0.0.6
123 silly currentTree └── xtend@4.0.1
124 silly idealTree myapp@0.0.0
124 silly idealTree ├── base64-url@1.2.1
124 silly idealTree ├── base64url@1.0.5
124 silly idealTree ├── bcrypt@0.8.5
124 silly idealTree ├── bindings@1.2.1
124 silly idealTree ├─┬ body-parser@1.13.3
124 silly idealTree │ ├── bytes@2.1.0
124 silly idealTree │ ├── content-type@1.0.1
124 silly idealTree │ ├── depd@1.0.1
124 silly idealTree │ ├─┬ http-errors@1.3.1
124 silly idealTree │ │ ├── inherits@2.0.1
124 silly idealTree │ │ └── statuses@1.2.1
124 silly idealTree │ ├── iconv-lite@0.4.11
124 silly idealTree │ ├─┬ on-finished@2.3.0
124 silly idealTree │ │ └── ee-first@1.1.1
124 silly idealTree │ ├── qs@4.0.0
124 silly idealTree │ ├─┬ raw-body@2.1.5
124 silly idealTree │ │ ├── bytes@2.2.0
124 silly idealTree │ │ ├── iconv-lite@0.4.13
124 silly idealTree │ │ └── unpipe@1.0.0
124 silly idealTree │ └─┬ type-is@1.6.11
124 silly idealTree │   ├── media-typer@0.3.0
124 silly idealTree │   └─┬ mime-types@2.1.9
124 silly idealTree │     └── mime-db@1.21.0
124 silly idealTree ├── buffer-equal-constant-time@1.0.1
124 silly idealTree ├── camelcase-keys@1.0.0
124 silly idealTree ├── camelcase@1.2.1
124 silly idealTree ├── concat-stream@1.4.10
124 silly idealTree ├─┬ cookie-parser@1.3.5
124 silly idealTree │ ├── cookie-signature@1.0.6
124 silly idealTree │ └── cookie@0.1.3
124 silly idealTree ├── core-util-is@1.0.2
124 silly idealTree ├── crypto@0.0.3
124 silly idealTree ├─┬ debug@2.2.0
124 silly idealTree │ └── ms@0.7.1
124 silly idealTree ├── ecdsa-sig-formatter@1.0.5
124 silly idealTree ├─┬ express@4.13.4
124 silly idealTree │ ├─┬ accepts@1.2.13
124 silly idealTree │ │ ├─┬ mime-types@2.1.9
124 silly idealTree │ │ │ └── mime-db@1.21.0
124 silly idealTree │ │ └── negotiator@0.5.3
124 silly idealTree │ ├── array-flatten@1.1.1
124 silly idealTree │ ├── content-disposition@0.5.1
124 silly idealTree │ ├── content-type@1.0.1
124 silly idealTree │ ├── cookie-signature@1.0.6
124 silly idealTree │ ├── cookie@0.1.5
124 silly idealTree │ ├── depd@1.1.0
124 silly idealTree │ ├── escape-html@1.0.3
124 silly idealTree │ ├── etag@1.7.0
124 silly idealTree │ ├─┬ finalhandler@0.4.1
124 silly idealTree │ │ └── unpipe@1.0.0
124 silly idealTree │ ├── fresh@0.3.0
124 silly idealTree │ ├── merge-descriptors@1.0.1
124 silly idealTree │ ├── methods@1.1.2
124 silly idealTree │ ├─┬ on-finished@2.3.0
124 silly idealTree │ │ └── ee-first@1.1.1
124 silly idealTree │ ├── parseurl@1.3.1
124 silly idealTree │ ├── path-to-regexp@0.1.7
124 silly idealTree │ ├─┬ proxy-addr@1.0.10
124 silly idealTree │ │ ├── forwarded@0.1.0
124 silly idealTree │ │ └── ipaddr.js@1.0.5
124 silly idealTree │ ├── qs@4.0.0
124 silly idealTree │ ├── range-parser@1.0.3
124 silly idealTree │ ├─┬ send@0.13.1
124 silly idealTree │ │ ├── destroy@1.0.4
124 silly idealTree │ │ ├─┬ http-errors@1.3.1
124 silly idealTree │ │ │ └── inherits@2.0.1
124 silly idealTree │ │ ├── mime@1.3.4
124 silly idealTree │ │ ├── ms@0.7.1
124 silly idealTree │ │ └── statuses@1.2.1
124 silly idealTree │ ├── serve-static@1.10.2
124 silly idealTree │ ├─┬ type-is@1.6.11
124 silly idealTree │ │ ├── media-typer@0.3.0
124 silly idealTree │ │ └─┬ mime-types@2.1.9
124 silly idealTree │ │   └── mime-db@1.21.0
124 silly idealTree │ ├── utils-merge@1.0.0
124 silly idealTree │ └── vary@1.0.1
124 silly idealTree ├── get-stdin@4.0.1
124 silly idealTree ├── indent-string@1.2.2
124 silly idealTree ├── inherits@2.0.1
124 silly idealTree ├── is-finite@1.0.1
124 silly idealTree ├── isarray@0.0.1
124 silly idealTree ├─┬ jade@1.11.0
124 silly idealTree │ ├── character-parser@1.2.1
124 silly idealTree │ ├─┬ clean-css@3.4.9
124 silly idealTree │ │ ├─┬ commander@2.8.1
124 silly idealTree │ │ │ └── graceful-readlink@1.0.1
124 silly idealTree │ │ └─┬ source-map@0.4.4
124 silly idealTree │ │   └── amdefine@1.0.0
124 silly idealTree │ ├── commander@2.6.0
124 silly idealTree │ ├─┬ constantinople@3.0.2
124 silly idealTree │ │ └── acorn@2.7.0
124 silly idealTree │ ├─┬ jstransformer@0.0.2
124 silly idealTree │ │ ├── is-promise@2.1.0
124 silly idealTree │ │ └─┬ promise@6.1.0
124 silly idealTree │ │   └── asap@1.0.0
124 silly idealTree │ ├─┬ mkdirp@0.5.1
124 silly idealTree │ │ └── minimist@0.0.8
124 silly idealTree │ ├─┬ transformers@2.1.0
124 silly idealTree │ │ ├─┬ css@1.0.8
124 silly idealTree │ │ │ ├── css-parse@1.0.4
124 silly idealTree │ │ │ └── css-stringify@1.0.5
124 silly idealTree │ │ ├─┬ promise@2.0.0
124 silly idealTree │ │ │ └── is-promise@1.0.1
124 silly idealTree │ │ └─┬ uglify-js@2.2.5
124 silly idealTree │ │   ├─┬ optimist@0.3.7
124 silly idealTree │ │   │ └── wordwrap@0.0.3
124 silly idealTree │ │   └─┬ source-map@0.1.43
124 silly idealTree │ │     └── amdefine@1.0.0
124 silly idealTree │ ├─┬ uglify-js@2.6.1
124 silly idealTree │ │ ├── async@0.2.10
124 silly idealTree │ │ ├── source-map@0.5.3
124 silly idealTree │ │ ├── uglify-to-browserify@1.0.2
124 silly idealTree │ │ └─┬ yargs@3.10.0
124 silly idealTree │ │   ├── camelcase@1.2.1
124 silly idealTree │ │   ├─┬ cliui@2.1.0
124 silly idealTree │ │   │ ├─┬ center-align@0.1.3
124 silly idealTree │ │   │ │ ├─┬ align-text@0.1.4
124 silly idealTree │ │   │ │ │ ├─┬ kind-of@3.0.2
124 silly idealTree │ │   │ │ │ │ └── is-buffer@1.1.2
124 silly idealTree │ │   │ │ │ ├── longest@1.0.1
124 silly idealTree │ │   │ │ │ └── repeat-string@1.5.2
124 silly idealTree │ │   │ │ └── lazy-cache@1.0.3
124 silly idealTree │ │   │ ├─┬ right-align@0.1.3
124 silly idealTree │ │   │ │ └─┬ align-text@0.1.4
124 silly idealTree │ │   │ │   ├─┬ kind-of@3.0.2
124 silly idealTree │ │   │ │   │ └── is-buffer@1.1.2
124 silly idealTree │ │   │ │   ├── longest@1.0.1
124 silly idealTree │ │   │ │   └── repeat-string@1.5.2
124 silly idealTree │ │   │ └── wordwrap@0.0.2
124 silly idealTree │ │   ├─┬ decamelize@1.1.2
124 silly idealTree │ │   │ └── escape-string-regexp@1.0.4
124 silly idealTree │ │   └── window-size@0.1.0
124 silly idealTree │ ├── void-elements@2.0.1
124 silly idealTree │ └─┬ with@4.0.3
124 silly idealTree │   ├─┬ acorn-globals@1.0.9
124 silly idealTree │   │ └── acorn@2.7.0
124 silly idealTree │   └── acorn@1.2.2
124 silly idealTree ├── jsonwebtoken@5.5.4
124 silly idealTree ├─┬ jwa@1.1.1
124 silly idealTree │ └── base64url@0.0.6
124 silly idealTree ├── jws@3.1.1
124 silly idealTree ├── map-obj@1.0.1
124 silly idealTree ├── meow@2.0.0
124 silly idealTree ├─┬ method-override@2.3.5
124 silly idealTree │ ├── methods@1.1.2
124 silly idealTree │ ├── parseurl@1.3.1
124 silly idealTree │ └── vary@1.0.1
124 silly idealTree ├── minimist@1.2.0
124 silly idealTree ├─┬ mongoose@4.4.0
124 silly idealTree │ ├── async@1.5.2
124 silly idealTree │ ├── bson@0.4.21
124 silly idealTree │ ├── hooks-fixed@1.1.0
124 silly idealTree │ ├── kareem@1.0.1
124 silly idealTree │ ├─┬ mongodb@2.1.4
124 silly idealTree │ │ ├── es6-promise@3.0.2
124 silly idealTree │ │ ├── mongodb-core@1.2.32
124 silly idealTree │ │ └─┬ readable-stream@1.0.31
124 silly idealTree │ │   ├── core-util-is@1.0.2
124 silly idealTree │ │   ├── inherits@2.0.1
124 silly idealTree │ │   ├── isarray@0.0.1
124 silly idealTree │ │   └── string_decoder@0.10.31
124 silly idealTree │ ├── mpath@0.2.1
124 silly idealTree │ ├── mpromise@0.5.5
124 silly idealTree │ ├─┬ mquery@1.6.3
124 silly idealTree │ │ ├── bluebird@2.9.26
124 silly idealTree │ │ └── sliced@0.0.5
124 silly idealTree │ ├── ms@0.7.1
124 silly idealTree │ ├── muri@1.1.0
124 silly idealTree │ ├── regexp-clone@0.0.1
124 silly idealTree │ └── sliced@1.0.1
124 silly idealTree ├─┬ morgan@1.6.1
124 silly idealTree │ ├── basic-auth@1.0.3
124 silly idealTree │ ├── depd@1.0.1
124 silly idealTree │ ├─┬ on-finished@2.3.0
124 silly idealTree │ │ └── ee-first@1.1.1
124 silly idealTree │ └── on-headers@1.0.1
124 silly idealTree ├── ms@0.7.1
124 silly idealTree ├── nan@2.0.5
124 silly idealTree ├── number-is-nan@1.0.0
124 silly idealTree ├── object-assign@1.0.0
124 silly idealTree ├── readable-stream@1.1.13
124 silly idealTree ├── repeating@1.1.3
124 silly idealTree ├─┬ serve-favicon@2.3.0
124 silly idealTree │ ├── etag@1.7.0
124 silly idealTree │ ├── fresh@0.3.0
124 silly idealTree │ ├── ms@0.7.1
124 silly idealTree │ └── parseurl@1.3.1
124 silly idealTree ├── string_decoder@0.10.31
124 silly idealTree ├── typedarray@0.0.6
124 silly idealTree └── xtend@4.0.1
125 silly generateActionsToTake Starting
126 silly install generateActionsToTake
127 silly generateActionsToTake Finishing
128 silly diffTrees action count 3
129 silly diffTrees add bindings@1.2.1
130 silly diffTrees add nan@2.0.5
131 silly diffTrees add bcrypt@0.8.5
132 silly decomposeActions action count 24
133 silly decomposeActions fetch bindings@1.2.1
134 silly decomposeActions extract bindings@1.2.1
135 silly decomposeActions test bindings@1.2.1
136 silly decomposeActions preinstall bindings@1.2.1
137 silly decomposeActions build bindings@1.2.1
138 silly decomposeActions install bindings@1.2.1
139 silly decomposeActions postinstall bindings@1.2.1
140 silly decomposeActions finalize bindings@1.2.1
141 silly decomposeActions fetch nan@2.0.5
142 silly decomposeActions extract nan@2.0.5
143 silly decomposeActions test nan@2.0.5
144 silly decomposeActions preinstall nan@2.0.5
145 silly decomposeActions build nan@2.0.5
146 silly decomposeActions install nan@2.0.5
147 silly decomposeActions postinstall nan@2.0.5
148 silly decomposeActions finalize nan@2.0.5
149 silly decomposeActions fetch bcrypt@0.8.5
150 silly decomposeActions extract bcrypt@0.8.5
151 silly decomposeActions test bcrypt@0.8.5
152 silly decomposeActions preinstall bcrypt@0.8.5
153 silly decomposeActions build bcrypt@0.8.5
154 silly decomposeActions install bcrypt@0.8.5
155 silly decomposeActions postinstall bcrypt@0.8.5
156 silly decomposeActions finalize bcrypt@0.8.5
157 silly executeActions Starting
158 silly install executeActions
159 silly doSerial global-install 0
160 silly doParallel fetch 3
161 verbose correctMkdir /Users/williamalexander/.npm/_locks correctMkdir not in flight; initializing
162 verbose lock using /Users/williamalexander/.npm/_locks/staging-95f9f26167bec4ab.lock for /Users/williamalexander/Desktop/Web/MySecondMEAN/myapp/node_modules/.staging
163 silly doParallel extract 3
164 silly extract bindings@1.2.1
165 silly extract nan@2.0.5
166 silly extract bcrypt@0.8.5
167 verbose unbuild node_modules/.staging/bindings-736da160
168 verbose unbuild node_modules/.staging/nan-d402f048
169 verbose unbuild node_modules/.staging/bcrypt-2d601440
170 silly gentlyRm /Users/williamalexander/Desktop/Web/MySecondMEAN/myapp/node_modules/.staging/bindings-736da160 is being purged from base /Users/williamalexander/Desktop/Web/MySecondMEAN/myapp
171 verbose gentlyRm don't care about contents; nuking /Users/williamalexander/Desktop/Web/MySecondMEAN/myapp/node_modules/.staging/bindings-736da160
172 silly gentlyRm /Users/williamalexander/Desktop/Web/MySecondMEAN/myapp/node_modules/.staging/nan-d402f048 is being purged from base /Users/williamalexander/Desktop/Web/MySecondMEAN/myapp
173 verbose gentlyRm don't care about contents; nuking /Users/williamalexander/Desktop/Web/MySecondMEAN/myapp/node_modules/.staging/nan-d402f048
174 silly gentlyRm /Users/williamalexander/Desktop/Web/MySecondMEAN/myapp/node_modules/.staging/bcrypt-2d601440 is being purged from base /Users/williamalexander/Desktop/Web/MySecondMEAN/myapp
175 verbose gentlyRm don't care about contents; nuking /Users/williamalexander/Desktop/Web/MySecondMEAN/myapp/node_modules/.staging/bcrypt-2d601440
176 verbose tar unpack /Users/williamalexander/.npm/bindings/1.2.1/package.tgz
177 verbose tar unpacking to /Users/williamalexander/Desktop/Web/MySecondMEAN/myapp/node_modules/.staging/bindings-736da160
178 silly gentlyRm /Users/williamalexander/Desktop/Web/MySecondMEAN/myapp/node_modules/.staging/bindings-736da160 is being purged
179 verbose gentlyRm don't care about contents; nuking /Users/williamalexander/Desktop/Web/MySecondMEAN/myapp/node_modules/.staging/bindings-736da160
180 verbose tar unpack /Users/williamalexander/.npm/nan/2.0.5/package.tgz
181 verbose tar unpacking to /Users/williamalexander/Desktop/Web/MySecondMEAN/myapp/node_modules/.staging/nan-d402f048
182 silly gentlyRm /Users/williamalexander/Desktop/Web/MySecondMEAN/myapp/node_modules/.staging/nan-d402f048 is being purged
183 verbose gentlyRm don't care about contents; nuking /Users/williamalexander/Desktop/Web/MySecondMEAN/myapp/node_modules/.staging/nan-d402f048
184 verbose tar unpack /Users/williamalexander/.npm/bcrypt/0.8.5/package.tgz
185 verbose tar unpacking to /Users/williamalexander/Desktop/Web/MySecondMEAN/myapp/node_modules/.staging/bcrypt-2d601440
186 silly gentlyRm /Users/williamalexander/Desktop/Web/MySecondMEAN/myapp/node_modules/.staging/bcrypt-2d601440 is being purged
187 verbose gentlyRm don't care about contents; nuking /Users/williamalexander/Desktop/Web/MySecondMEAN/myapp/node_modules/.staging/bcrypt-2d601440
188 silly gunzTarPerm modes [ '755', '644' ]
189 silly gunzTarPerm modes [ '755', '644' ]
190 silly gunzTarPerm modes [ '755', '644' ]
191 silly gunzTarPerm extractEntry package.json
192 silly gunzTarPerm extractEntry package.json
193 silly gunzTarPerm modified mode [ 'package.json', 436, 420 ]
194 silly gunzTarPerm extractEntry package.json
195 silly gunzTarPerm extractEntry README.md
196 silly gunzTarPerm modified mode [ 'README.md', 436, 420 ]
197 silly gunzTarPerm extractEntry README.md
198 silly gunzTarPerm extractEntry bindings.js
199 silly gunzTarPerm extractEntry .npmignore
200 silly gunzTarPerm extractEntry README.md
201 silly gunzTarPerm extractEntry include_dirs.js
202 silly gunzTarPerm modified mode [ 'include_dirs.js', 436, 420 ]
203 silly gunzTarPerm extractEntry LICENSE
204 silly gunzTarPerm extractEntry bcrypt.js
205 silly gunzTarPerm extractEntry nan_converters.h
206 silly gunzTarPerm modified mode [ 'nan_converters.h', 436, 420 ]
207 silly gunzTarPerm extractEntry LICENSE.md
208 silly gunzTarPerm modified mode [ 'LICENSE.md', 436, 420 ]
209 silly gunzTarPerm extractEntry .dntrc
210 silly gunzTarPerm modified mode [ '.dntrc', 436, 420 ]
211 silly gunzTarPerm extractEntry appveyor.yml
212 silly gunzTarPerm modified mode [ 'appveyor.yml', 436, 420 ]
213 silly gunzTarPerm extractEntry binding.gyp
214 silly gunzTarPerm extractEntry doc/new.md
215 silly gunzTarPerm modified mode [ 'doc/new.md', 436, 420 ]
216 silly gunzTarPerm extractEntry doc/.build.sh
217 silly gunzTarPerm modified mode [ 'doc/.build.sh', 509, 493 ]
218 silly gunzTarPerm extractEntry .travis.yml
219 silly gunzTarPerm extractEntry CHANGELOG.md
220 silly gunzTarPerm extractEntry doc/buffers.md
221 silly gunzTarPerm modified mode [ 'doc/buffers.md', 436, 420 ]
222 silly gunzTarPerm extractEntry doc/callback.md
223 silly gunzTarPerm modified mode [ 'doc/callback.md', 436, 420 ]
224 silly gunzTarPerm extractEntry examples/async_compare.js
225 silly gunzTarPerm extractEntry examples/forever_gen_salt.js
226 silly gunzTarPerm extractEntry doc/converters.md
227 silly gunzTarPerm modified mode [ 'doc/converters.md', 436, 420 ]
228 silly gunzTarPerm extractEntry doc/errors.md
229 silly gunzTarPerm modified mode [ 'doc/errors.md', 436, 420 ]
230 silly gentlyRm /Users/williamalexander/Desktop/Web/MySecondMEAN/myapp/node_modules/.staging/bindings-736da160/node_modules is being purged
231 verbose gentlyRm don't care about contents; nuking /Users/williamalexander/Desktop/Web/MySecondMEAN/myapp/node_modules/.staging/bindings-736da160/node_modules
232 silly gunzTarPerm extractEntry test/async.js
233 silly gunzTarPerm extractEntry test/repetitions.js
234 silly gunzTarPerm extractEntry doc/maybe_types.md
235 silly gunzTarPerm modified mode [ 'doc/maybe_types.md', 436, 420 ]
236 silly gunzTarPerm extractEntry doc/methods.md
237 silly gunzTarPerm modified mode [ 'doc/methods.md', 436, 420 ]
238 silly gunzTarPerm extractEntry test/sync.js
239 silly gunzTarPerm extractEntry Makefile
240 silly gunzTarPerm extractEntry doc/asyncworker.md
241 silly gunzTarPerm modified mode [ 'doc/asyncworker.md', 436, 420 ]
242 silly gunzTarPerm extractEntry doc/node_misc.md
243 silly gunzTarPerm modified mode [ 'doc/node_misc.md', 436, 420 ]
244 silly gunzTarPerm extractEntry src/bcrypt.cc
245 silly gunzTarPerm extractEntry src/bcrypt_node.cc
246 silly gunzTarPerm extractEntry doc/persistent.md
247 silly gunzTarPerm modified mode [ 'doc/persistent.md', 436, 420 ]
248 silly gunzTarPerm extractEntry doc/scopes.md
249 silly gunzTarPerm modified mode [ 'doc/scopes.md', 436, 420 ]
250 silly gunzTarPerm extractEntry src/blowfish.cc
251 silly gunzTarPerm extractEntry src/node_blf.h
252 silly gunzTarPerm extractEntry doc/script.md
253 silly gunzTarPerm modified mode [ 'doc/script.md', 436, 420 ]
254 silly gunzTarPerm extractEntry doc/string_bytes.md
255 silly gunzTarPerm modified mode [ 'doc/string_bytes.md', 436, 420 ]
256 silly gunzTarPerm extractEntry werker.yml
257 silly gunzTarPerm extractEntry doc/v8_internals.md
258 silly gunzTarPerm modified mode [ 'doc/v8_internals.md', 436, 420 ]
259 silly gunzTarPerm extractEntry doc/v8_misc.md
260 silly gunzTarPerm modified mode [ 'doc/v8_misc.md', 436, 420 ]
261 silly gunzTarPerm extractEntry nan.h
262 silly gunzTarPerm modified mode [ 'nan.h', 436, 420 ]
263 silly gunzTarPerm extractEntry nan_callbacks.h
264 silly gunzTarPerm modified mode [ 'nan_callbacks.h', 436, 420 ]
265 silly gunzTarPerm extractEntry nan_callbacks_12_inl.h
266 silly gunzTarPerm modified mode [ 'nan_callbacks_12_inl.h', 436, 420 ]
267 silly gunzTarPerm extractEntry nan_callbacks_pre_12_inl.h
268 silly gunzTarPerm modified mode [ 'nan_callbacks_pre_12_inl.h', 436, 420 ]
269 silly gunzTarPerm extractEntry nan_converters_43_inl.h
270 silly gunzTarPerm modified mode [ 'nan_converters_43_inl.h', 436, 420 ]
271 silly gunzTarPerm extractEntry nan_converters_pre_43_inl.h
272 silly gunzTarPerm modified mode [ 'nan_converters_pre_43_inl.h', 436, 420 ]
273 silly gunzTarPerm extractEntry nan_implementation_12_inl.h
274 silly gunzTarPerm modified mode [ 'nan_implementation_12_inl.h', 436, 420 ]
275 silly gunzTarPerm extractEntry nan_implementation_pre_12_inl.h
276 silly gunzTarPerm modified mode [ 'nan_implementation_pre_12_inl.h', 436, 420 ]
277 silly gunzTarPerm extractEntry nan_maybe_43_inl.h
278 silly gunzTarPerm modified mode [ 'nan_maybe_43_inl.h', 436, 420 ]
279 silly gunzTarPerm extractEntry nan_maybe_pre_43_inl.h
280 silly gunzTarPerm modified mode [ 'nan_maybe_pre_43_inl.h', 436, 420 ]
281 silly gunzTarPerm extractEntry nan_new.h
282 silly gunzTarPerm modified mode [ 'nan_new.h', 436, 420 ]
283 silly gunzTarPerm extractEntry nan_object_wrap.h
284 silly gunzTarPerm modified mode [ 'nan_object_wrap.h', 436, 420 ]
285 silly gunzTarPerm extractEntry nan_persistent_12_inl.h
286 silly gunzTarPerm modified mode [ 'nan_persistent_12_inl.h', 436, 420 ]
287 silly gunzTarPerm extractEntry nan_persistent_pre_12_inl.h
288 silly gunzTarPerm modified mode [ 'nan_persistent_pre_12_inl.h', 436, 420 ]
289 silly gunzTarPerm extractEntry nan_string_bytes.h
290 silly gunzTarPerm modified mode [ 'nan_string_bytes.h', 436, 420 ]
291 silly gunzTarPerm extractEntry nan_weak.h
292 silly gunzTarPerm modified mode [ 'nan_weak.h', 436, 420 ]
293 silly gunzTarPerm extractEntry CHANGELOG.md
294 silly gunzTarPerm modified mode [ 'CHANGELOG.md', 436, 420 ]
295 silly gunzTarPerm extractEntry tools/package.json
296 silly gunzTarPerm modified mode [ 'tools/package.json', 436, 420 ]
297 silly gunzTarPerm extractEntry tools/README.md
298 silly gunzTarPerm modified mode [ 'tools/README.md', 436, 420 ]
299 silly gunzTarPerm extractEntry tools/1to2.js
300 silly gunzTarPerm modified mode [ 'tools/1to2.js', 509, 493 ]
301 silly gentlyRm /Users/williamalexander/Desktop/Web/MySecondMEAN/myapp/node_modules/.staging/bcrypt-2d601440/node_modules is being purged
302 verbose gentlyRm don't care about contents; nuking /Users/williamalexander/Desktop/Web/MySecondMEAN/myapp/node_modules/.staging/bcrypt-2d601440/node_modules
303 silly gentlyRm /Users/williamalexander/Desktop/Web/MySecondMEAN/myapp/node_modules/.staging/nan-d402f048/node_modules is being purged
304 verbose gentlyRm don't care about contents; nuking /Users/williamalexander/Desktop/Web/MySecondMEAN/myapp/node_modules/.staging/nan-d402f048/node_modules
305 silly doParallel preinstall 3
306 silly preinstall bindings@1.2.1 /Users/williamalexander/Desktop/Web/MySecondMEAN/myapp/node_modules/.staging/bindings-736da160
307 info lifecycle bindings@1.2.1~preinstall: bindings@1.2.1
308 silly preinstall nan@2.0.5 /Users/williamalexander/Desktop/Web/MySecondMEAN/myapp/node_modules/.staging/nan-d402f048
309 info lifecycle nan@2.0.5~preinstall: nan@2.0.5
310 silly preinstall bcrypt@0.8.5 /Users/williamalexander/Desktop/Web/MySecondMEAN/myapp/node_modules/.staging/bcrypt-2d601440
311 info lifecycle bcrypt@0.8.5~preinstall: bcrypt@0.8.5
312 silly lifecycle bindings@1.2.1~preinstall: no script for preinstall, continuing
313 silly lifecycle nan@2.0.5~preinstall: no script for preinstall, continuing
314 silly lifecycle bcrypt@0.8.5~preinstall: no script for preinstall, continuing
315 silly doReverseSerial remove 0
316 silly doSerial move 0
317 silly doSerial finalize 3
318 silly finalize /Users/williamalexander/Desktop/Web/MySecondMEAN/myapp/node_modules/bindings
319 silly finalize /Users/williamalexander/Desktop/Web/MySecondMEAN/myapp/node_modules/nan
320 silly finalize /Users/williamalexander/Desktop/Web/MySecondMEAN/myapp/node_modules/bcrypt
321 silly doSerial build 3
322 silly build bindings@1.2.1
323 info linkStuff bindings@1.2.1
324 silly linkStuff bindings@1.2.1 has /Users/williamalexander/Desktop/Web/MySecondMEAN/myapp/node_modules as its parent node_modules
325 verbose linkBins bindings@1.2.1
326 verbose linkMans bindings@1.2.1
327 silly build nan@2.0.5
328 info linkStuff nan@2.0.5
329 silly linkStuff nan@2.0.5 has /Users/williamalexander/Desktop/Web/MySecondMEAN/myapp/node_modules as its parent node_modules
330 verbose linkBins nan@2.0.5
331 verbose linkMans nan@2.0.5
332 silly build bcrypt@0.8.5
333 info linkStuff bcrypt@0.8.5
334 silly linkStuff bcrypt@0.8.5 has /Users/williamalexander/Desktop/Web/MySecondMEAN/myapp/node_modules as its parent node_modules
335 verbose linkBins bcrypt@0.8.5
336 verbose linkMans bcrypt@0.8.5
337 silly doSerial global-link 0
338 silly doParallel update-linked 0
339 silly doSerial install 3
340 silly install bindings@1.2.1 /Users/williamalexander/Desktop/Web/MySecondMEAN/myapp/node_modules/.staging/bindings-736da160
341 info lifecycle bindings@1.2.1~install: bindings@1.2.1
342 silly lifecycle bindings@1.2.1~install: no script for install, continuing
343 silly install nan@2.0.5 /Users/williamalexander/Desktop/Web/MySecondMEAN/myapp/node_modules/.staging/nan-d402f048
344 info lifecycle nan@2.0.5~install: nan@2.0.5
345 silly lifecycle nan@2.0.5~install: no script for install, continuing
346 silly install bcrypt@0.8.5 /Users/williamalexander/Desktop/Web/MySecondMEAN/myapp/node_modules/.staging/bcrypt-2d601440
347 info lifecycle bcrypt@0.8.5~install: bcrypt@0.8.5
348 verbose lifecycle bcrypt@0.8.5~install: unsafe-perm in lifecycle true
349 verbose lifecycle bcrypt@0.8.5~install: PATH: /usr/local/lib/node_modules/npm/bin/node-gyp-bin:/Users/williamalexander/Desktop/Web/MySecondMEAN/myapp/node_modules/bcrypt/node_modules/.bin:/Users/williamalexander/Desktop/Web/MySecondMEAN/myapp/node_modules/.bin:/usr/local/bin:/Library/Frameworks/Python.framework/Versions/2.7/bin:/usr/local/bin:/usr/bin:/bin:/usr/sbin:/sbin
350 verbose lifecycle bcrypt@0.8.5~install: CWD: /Users/williamalexander/Desktop/Web/MySecondMEAN/myapp/node_modules/bcrypt
351 silly lifecycle bcrypt@0.8.5~install: Args: [ '-c', 'node-gyp rebuild' ]
352 silly lifecycle bcrypt@0.8.5~install: Returned: code: 1  signal: null
353 info lifecycle bcrypt@0.8.5~install: Failed to exec install script
354 verbose unlock done using /Users/williamalexander/.npm/_locks/staging-95f9f26167bec4ab.lock for /Users/williamalexander/Desktop/Web/MySecondMEAN/myapp/node_modules/.staging
355 silly rollbackFailedOptional Starting
356 silly rollbackFailedOptional Finishing
357 silly runTopLevelLifecycles Starting
358 silly runTopLevelLifecycles Finishing
359 silly install printInstalled
360 warn mongodb-core@1.2.32 requires a peer of kerberos@~0.0 but none was installed.
361 verbose stack Error: bcrypt@0.8.5 install: `node-gyp rebuild`
361 verbose stack Exit status 1
361 verbose stack     at EventEmitter.<anonymous> (/usr/local/lib/node_modules/npm/lib/utils/lifecycle.js:239:16)
361 verbose stack     at emitTwo (events.js:87:13)
361 verbose stack     at EventEmitter.emit (events.js:172:7)
361 verbose stack     at ChildProcess.<anonymous> (/usr/local/lib/node_modules/npm/lib/utils/spawn.js:24:14)
361 verbose stack     at emitTwo (events.js:87:13)
361 verbose stack     at ChildProcess.emit (events.js:172:7)
361 verbose stack     at maybeClose (internal/child_process.js:818:16)
361 verbose stack     at Process.ChildProcess._handle.onexit (internal/child_process.js:211:5)
362 verbose pkgid bcrypt@0.8.5
363 verbose cwd /Users/williamalexander/Desktop/Web/MySecondMEAN/myapp
364 error Darwin 15.3.0
365 error argv "/usr/local/bin/node" "/usr/local/bin/npm" "install" "bcrypt" "--save"
366 error node v4.2.2
367 error npm  v3.7.1
368 error code ELIFECYCLE
369 error bcrypt@0.8.5 install: `node-gyp rebuild`
369 error Exit status 1
370 error Failed at the bcrypt@0.8.5 install script 'node-gyp rebuild'.
370 error Make sure you have the latest version of node.js and npm installed.
370 error If you do, this is most likely a problem with the bcrypt package,
370 error not with npm itself.
370 error Tell the author that this fails on your system:
370 error     node-gyp rebuild
370 error You can get information on how to open an issue for this project with:
370 error     npm bugs bcrypt
370 error Or if that isn't available, you can get their info via:
370 error     npm owner ls bcrypt
370 error There is likely additional logging output above.
371 verbose exit [ 1, true ]
